# JRE version: OpenJDK Runtime Environment (24.0.1+9) (build 24.0.1+9-30)
# Java VM: OpenJDK 64-Bit Server VM (24.0.1+9-30, mixed mode, sharing, tiered, compressed oops, compressed class ptrs, g1 gc, windows-amd64)
GC Precious Log:
 CardTable entry size: 512
 Card Set container configuration: InlinePtr #cards 4 size 8 Array Of Cards #cards 16 size 48 Howl #buckets 8 coarsen threshold 3686 Howl Bitmap #cards 512 size 80 coarsen threshold 460 Card regions per heap region 1 cards per card region 4096
 CPUs: 12 total, 12 available
 Memory: 15713M
 Large Page Support: Disabled
 NUMA Support: Disabled
 Compressed Oops: Enabled (Zero based)
 Heap Region Size: 2M
 Heap Min Capacity: 8M
 Heap Initial Capacity: 246M
 Heap Max Capacity: 3930M
 Pre-touch: Disabled
 Parallel Workers: 10
 Concurrent Workers: 3
 Concurrent Refinement Workers: 10
 Periodic GC: Disabled
Heap:
 garbage-first heap   total reserved 4024320K, committed 1034240K, used 657055K [0x000000070a600000, 0x0000000800000000)
  region size 2048K, 71 young (145408K), 14 survivors (28672K)
 Metaspace       used 8063K, committed 8384K, reserved 1114112K
  class space    used 720K, committed 896K, reserved 1048576K
GC Heap History (20 events):
Event: 65.240 GC heap before
{Heap before GC invocations=23 (full 0):
 garbage-first heap   total reserved 4024320K, committed 813056K, used 425665K [0x000000070a600000, 0x0000000800000000)
  region size 2048K, 71 young (145408K), 13 survivors (26624K)
 Metaspace       used 6589K, committed 6784K, reserved 1114112K
  class space    used 572K, committed 640K, reserved 1048576K
}
Event: 65.362 GC heap after
{Heap after GC invocations=24 (full 0):
 garbage-first heap   total reserved 4024320K, committed 813056K, used 318145K [0x000000070a600000, 0x0000000800000000)
  region size 2048K, 9 young (18432K), 9 survivors (18432K)
 Metaspace       used 6589K, committed 6784K, reserved 1114112K
  class space    used 572K, committed 640K, reserved 1048576K
}
Event: 70.503 GC heap before
{Heap before GC invocations=24 (full 0):
 garbage-first heap   total reserved 4024320K, committed 813056K, used 514753K [0x000000070a600000, 0x0000000800000000)
  region size 2048K, 105 young (215040K), 9 survivors (18432K)
 Metaspace       used 6611K, committed 6784K, reserved 1114112K
  class space    used 575K, committed 640K, reserved 1048576K
}
Event: 70.702 GC heap after
{Heap after GC invocations=25 (full 0):
 garbage-first heap   total reserved 4024320K, committed 813056K, used 375489K [0x000000070a600000, 0x0000000800000000)
  region size 2048K, 14 young (28672K), 14 survivors (28672K)
 Metaspace       used 6611K, committed 6784K, reserved 1114112K
  class space    used 575K, committed 640K, reserved 1048576K
}
Event: 75.002 GC heap before
{Heap before GC invocations=25 (full 0):
 garbage-first heap   total reserved 4024320K, committed 813056K, used 563905K [0x000000070a600000, 0x0000000800000000)
  region size 2048K, 106 young (217088K), 14 survivors (28672K)
 Metaspace       used 6625K, committed 6784K, reserved 1114112K
  class space    used 575K, committed 640K, reserved 1048576K
}
Event: 75.189 GC heap after
{Heap after GC invocations=26 (full 0):
 garbage-first heap   total reserved 4024320K, committed 813056K, used 418042K [0x000000070a600000, 0x0000000800000000)
  region size 2048K, 14 young (28672K), 14 survivors (28672K)
 Metaspace       used 6625K, committed 6784K, reserved 1114112K
  class space    used 575K, committed 640K, reserved 1048576K
}
Event: 79.536 GC heap before
{Heap before GC invocations=26 (full 0):
 garbage-first heap   total reserved 4024320K, committed 813056K, used 614650K [0x000000070a600000, 0x0000000800000000)
  region size 2048K, 110 young (225280K), 14 survivors (28672K)
 Metaspace       used 6632K, committed 6784K, reserved 1114112K
  class space    used 575K, committed 640K, reserved 1048576K
}
Event: 79.730 GC heap after
{Heap after GC invocations=27 (full 0):
 garbage-first heap   total reserved 4024320K, committed 942080K, used 465136K [0x000000070a600000, 0x0000000800000000)
  region size 2048K, 14 young (28672K), 14 survivors (28672K)
 Metaspace       used 6632K, committed 6784K, reserved 1114112K
  class space    used 575K, committed 640K, reserved 1048576K
}
Event: 84.022 GC heap before
{Heap before GC invocations=28 (full 0):
 garbage-first heap   total reserved 4024320K, committed 909312K, used 455327K [0x000000070a600000, 0x0000000800000000)
  region size 2048K, 104 young (212992K), 14 survivors (28672K)
 Metaspace       used 6648K, committed 6784K, reserved 1114112K
  class space    used 575K, committed 640K, reserved 1048576K
}
Event: 84.197 GC heap after
{Heap after GC invocations=29 (full 0):
 garbage-first heap   total reserved 4024320K, committed 909312K, used 337567K [0x000000070a600000, 0x0000000800000000)
  region size 2048K, 13 young (26624K), 13 survivors (26624K)
 Metaspace       used 6648K, committed 6784K, reserved 1114112K
  class space    used 575K, committed 640K, reserved 1048576K
}
Event: 87.428 GC heap before
{Heap before GC invocations=29 (full 0):
 garbage-first heap   total reserved 4024320K, committed 909312K, used 482975K [0x000000070a600000, 0x0000000800000000)
  region size 2048K, 84 young (172032K), 13 survivors (26624K)
 Metaspace       used 6673K, committed 6848K, reserved 1114112K
  class space    used 575K, committed 640K, reserved 1048576K
}
Event: 87.584 GC heap after
{Heap after GC invocations=30 (full 0):
 garbage-first heap   total reserved 4024320K, committed 909312K, used 362143K [0x000000070a600000, 0x0000000800000000)
  region size 2048K, 11 young (22528K), 11 survivors (22528K)
 Metaspace       used 6673K, committed 6848K, reserved 1114112K
  class space    used 575K, committed 640K, reserved 1048576K
}
Event: 91.409 GC heap before
{Heap before GC invocations=30 (full 0):
 garbage-first heap   total reserved 4024320K, committed 909312K, used 550559K [0x000000070a600000, 0x0000000800000000)
  region size 2048K, 103 young (210944K), 11 survivors (22528K)
 Metaspace       used 6720K, committed 6848K, reserved 1114112K
  class space    used 575K, committed 640K, reserved 1048576K
}
Event: 91.595 GC heap after
{Heap after GC invocations=31 (full 0):
 garbage-first heap   total reserved 4024320K, committed 909312K, used 394627K [0x000000070a600000, 0x0000000800000000)
  region size 2048K, 13 young (26624K), 13 survivors (26624K)
 Metaspace       used 6720K, committed 6848K, reserved 1114112K
  class space    used 575K, committed 640K, reserved 1048576K
}
Event: 95.708 GC heap before
{Heap before GC invocations=31 (full 0):
 garbage-first heap   total reserved 4024320K, committed 909312K, used 589187K [0x000000070a600000, 0x0000000800000000)
  region size 2048K, 108 young (221184K), 13 survivors (26624K)
 Metaspace       used 6731K, committed 6976K, reserved 1114112K
  class space    used 575K, committed 640K, reserved 1048576K
}
Event: 95.902 GC heap after
{Heap after GC invocations=32 (full 0):
 garbage-first heap   total reserved 4024320K, committed 909312K, used 426655K [0x000000070a600000, 0x0000000800000000)
  region size 2048K, 14 young (28672K), 14 survivors (28672K)
 Metaspace       used 6731K, committed 6976K, reserved 1114112K
  class space    used 575K, committed 640K, reserved 1048576K
}
Event: 99.977 GC heap before
{Heap before GC invocations=32 (full 0):
 garbage-first heap   total reserved 4024320K, committed 909312K, used 639647K [0x000000070a600000, 0x0000000800000000)
  region size 2048K, 118 young (241664K), 14 survivors (28672K)
 Metaspace       used 6733K, committed 6976K, reserved 1114112K
  class space    used 575K, committed 640K, reserved 1048576K
}
Event: 100.205 GC heap after
{Heap after GC invocations=33 (full 0):
 garbage-first heap   total reserved 4024320K, committed 1034240K, used 486047K [0x000000070a600000, 0x0000000800000000)
  region size 2048K, 15 young (30720K), 15 survivors (30720K)
 Metaspace       used 6733K, committed 6976K, reserved 1114112K
  class space    used 575K, committed 640K, reserved 1048576K
}
Event: 103.742 GC heap before
{Heap before GC invocations=33 (full 0):
 garbage-first heap   total reserved 4024320K, committed 1034240K, used 682655K [0x000000070a600000, 0x0000000800000000)
  region size 2048K, 111 young (227328K), 15 survivors (30720K)
 Metaspace       used 6733K, committed 6976K, reserved 1114112K
  class space    used 575K, committed 640K, reserved 1048576K
}
Event: 103.961 GC heap after
{Heap after GC invocations=34 (full 0):
 garbage-first heap   total reserved 4024320K, committed 1034240K, used 542367K [0x000000070a600000, 0x0000000800000000)
  region size 2048K, 14 young (28672K), 14 survivors (28672K)
 Metaspace       used 6733K, committed 6976K, reserved 1114112K
  class space    used 575K, committed 640K, reserved 1048576K
}

